<?xml version="1.0" encoding="UTF-8"?>
<!-- Generated by org.testng.reporters.JUnitReportReporter -->
<testsuite skipped="0" hostname="User-PC" name="SeleniumPractice.Selenium" tests="9" failures="0" timestamp="2021-11-20T13:21:36 IST" time="3.284" errors="0">
  <testcase name="Headline" time="0.329" classname="SeleniumPractice.Selenium"/>
  <system-out/>
  <testcase name="cheakUrl" time="0.050" classname="SeleniumPractice.Selenium"/>
  <system-out/>
  <testcase name="FailLoginPassword" time="0.748" classname="SeleniumPractice.Selenium"/>
  <system-out/>
  <testcase name="FailLoginmail" time="0.241" classname="SeleniumPractice.Selenium"/>
  <system-out/>
  <testcase name="BlankData" time="0.214" classname="SeleniumPractice.Selenium"/>
  <system-out/>
  <testcase name="VerifyLogo" time="0.037" classname="SeleniumPractice.Selenium"/>
  <system-out/>
  <testcase name="verifyText" time="0.047" classname="SeleniumPractice.Selenium"/>
  <system-out/>
  <testcase name="verifyHeadline" time="0.038" classname="SeleniumPractice.Selenium"/>
  <system-out/>
  <testcase name="Validlogin" time="1.580" classname="SeleniumPractice.Selenium"/>
  <system-out/>
</testsuite> <!-- SeleniumPractice.Selenium -->
