<?xml version="1.0" encoding="UTF-8"?>
<!-- Generated by org.testng.reporters.JUnitReportReporter -->
<testsuite skipped="0" hostname="User-PC" name="SeleniumPractice.LoginPage" tests="11" failures="0" timestamp="2021-12-02T12:19:21 IST" time="7.202" errors="0">
  <testcase name="cheakUrl" time="0.053" classname="SeleniumPractice.LoginPage"/>
  <system-out/>
  <testcase name="FailLoginPassword" time="1.892" classname="SeleniumPractice.LoginPage"/>
  <system-out/>
  <testcase name="FailLoginmail" time="0.399" classname="SeleniumPractice.LoginPage"/>
  <system-out/>
  <testcase name="Headline" time="0.056" classname="SeleniumPractice.LoginPage"/>
  <system-out/>
  <testcase name="subtitle" time="0.046" classname="SeleniumPractice.LoginPage"/>
  <system-out/>
  <testcase name="checkmail" time="0.156" classname="SeleniumPractice.LoginPage"/>
  <system-out/>
  <testcase name="BlankData" time="0.279" classname="SeleniumPractice.LoginPage"/>
  <system-out/>
  <testcase name="VerifyLogo" time="0.040" classname="SeleniumPractice.LoginPage"/>
  <system-out/>
  <testcase name="verifyText" time="0.048" classname="SeleniumPractice.LoginPage"/>
  <system-out/>
  <testcase name="verifyHeadline" time="0.031" classname="SeleniumPractice.LoginPage"/>
  <system-out/>
  <testcase name="Validlogin" time="4.202" classname="SeleniumPractice.LoginPage"/>
  <system-out/>
</testsuite> <!-- SeleniumPractice.LoginPage -->
