<?xml version="1.0" encoding="UTF-8"?>
<!-- Generated by org.testng.reporters.JUnitReportReporter -->
<testsuite skipped="5" hostname="User-PC" name="SeleniumPractice.AddUserPage" tests="5" failures="0" timestamp="2021-12-01T18:32:15 IST" time="0.000" errors="0">
  <testcase name="userpage" time="0.000" classname="SeleniumPractice.AddUserPage">
    <skipped/>
  </testcase> <!-- userpage -->
  <system-out/>
  <testcase name="VerifySideBar" time="0.000" classname="SeleniumPractice.AddUserPage">
    <skipped/>
  </testcase> <!-- VerifySideBar -->
  <system-out/>
  <testcase name="CheckURL" time="0.000" classname="SeleniumPractice.AddUserPage">
    <skipped/>
  </testcase> <!-- CheckURL -->
  <system-out/>
  <testcase name="VerifySubmitButton" time="0.000" classname="SeleniumPractice.AddUserPage">
    <skipped/>
  </testcase> <!-- VerifySubmitButton -->
  <system-out/>
  <testcase name="VerifyHeading" time="0.000" classname="SeleniumPractice.AddUserPage">
    <skipped/>
  </testcase> <!-- VerifyHeading -->
  <system-out/>
</testsuite> <!-- SeleniumPractice.AddUserPage -->
