<?xml version="1.0" encoding="UTF-8"?>
<!-- Generated by org.testng.reporters.JUnitReportReporter -->
<testsuite skipped="6" hostname="User-PC" name="SeleniumPractice.Dashboard" tests="6" failures="0" timestamp="2021-12-01T18:32:15 IST" time="0.000" errors="0">
  <testcase name="TotalinnerBox" time="0.000" classname="SeleniumPractice.Dashboard">
    <skipped/>
  </testcase> <!-- TotalinnerBox -->
  <system-out/>
  <testcase name="DashboardPage" time="0.000" classname="SeleniumPractice.Dashboard">
    <skipped/>
  </testcase> <!-- DashboardPage -->
  <system-out/>
  <testcase name="TotalCourses" time="0.000" classname="SeleniumPractice.Dashboard">
    <skipped/>
  </testcase> <!-- TotalCourses -->
  <system-out/>
  <testcase name="TotalMoreInfoLink" time="0.000" classname="SeleniumPractice.Dashboard">
    <skipped/>
  </testcase> <!-- TotalMoreInfoLink -->
  <system-out/>
  <testcase name="NoOfIcons" time="0.000" classname="SeleniumPractice.Dashboard">
    <skipped/>
  </testcase> <!-- NoOfIcons -->
  <system-out/>
  <testcase name="WindowHandeling" time="0.000" classname="SeleniumPractice.Dashboard">
    <skipped/>
  </testcase> <!-- WindowHandeling -->
  <system-out/>
</testsuite> <!-- SeleniumPractice.Dashboard -->
