<?xml version="1.0" encoding="UTF-8"?>
<!-- Generated by org.testng.reporters.JUnitReportReporter -->
<testsuite skipped="6" hostname="User-PC" name="SeleniumPractice.UserPage" tests="6" failures="0" timestamp="2021-12-01T18:32:15 IST" time="0.000" errors="0">
  <testcase name="CheckColumnTitle" time="0.000" classname="SeleniumPractice.UserPage">
    <skipped/>
  </testcase> <!-- CheckColumnTitle -->
  <system-out/>
  <testcase name="StateSelected" time="0.000" classname="SeleniumPractice.UserPage">
    <skipped/>
  </testcase> <!-- StateSelected -->
  <system-out/>
  <testcase name="VerifyHeading" time="0.000" classname="SeleniumPractice.UserPage">
    <skipped/>
  </testcase> <!-- VerifyHeading -->
  <system-out/>
  <testcase name="AlertHandle" time="0.000" classname="SeleniumPractice.UserPage">
    <skipped/>
  </testcase> <!-- AlertHandle -->
  <system-out/>
  <testcase name="ListTitle" time="0.000" classname="SeleniumPractice.UserPage">
    <skipped/>
  </testcase> <!-- ListTitle -->
  <system-out/>
  <testcase name="GetHomepageUrl" time="0.000" classname="SeleniumPractice.UserPage">
    <skipped/>
  </testcase> <!-- GetHomepageUrl -->
  <system-out/>
</testsuite> <!-- SeleniumPractice.UserPage -->
